Loading Telegram export...
✓ Loaded 2150 chats

Analyzing 2150 conversations...
Looking for developers/designers offering services...

Processed 100/2150 chats... Found 71 developers
Processed 200/2150 chats... Found 120 developers
Processed 300/2150 chats... Found 143 developers
Processed 400/2150 chats... Found 160 developers
Processed 500/2150 chats... Found 180 developers
Processed 600/2150 chats... Found 197 developers
Processed 800/2150 chats... Found 239 developers
Processed 900/2150 chats... Found 260 developers
Processed 1000/2150 chats... Found 284 developers
Processed 1100/2150 chats... Found 310 developers
Processed 1200/2150 chats... Found 325 developers
Processed 1300/2150 chats... Found 346 developers
Processed 1400/2150 chats... Found 363 developers
Processed 1500/2150 chats... Found 373 developers
Processed 1600/2150 chats... Found 395 developers
Processed 1700/2150 chats... Found 400 developers
Processed 1800/2150 chats... Found 410 developers
Processed 1900/2150 chats... Found 424 developers
Processed 2000/2150 chats... Found 450 developers
Processed 2100/2150 chats... Found 479 developers

================================================================================
FOUND 498 DEVELOPERS/DESIGNERS
================================================================================

✓ Saved full analysis: /home/mind-protocol/scopelock/outreach/developers/developers.json
✓ Saved summary: /home/mind-protocol/scopelock/outreach/developers/developers_summary.txt

================================================================================
TOP 20 DEVELOPERS (by score)
================================================================================

1. 🌌 Universe Engine - $COMPUTE (score: 2182)
   Sample: "Hello everybody & welcome to the Outpost! This is a private group for the owners of my NFTs.
You wil..."

2. Unknown (score: 924)
   Sample: "Feeling: Acceptance/Contentedness/Self/Appreciation 😌
Stress State: 200 (Calm)
Arousal: 48 (Quiet)
🟨..."

3. Defiant (score: 837)
   Sample: "Hello Defiant Streets (great name). I've seen that you have an AR NFT gallery project, could you tel..."

4. Ineya (score: 710)
   Sample: "You can still go to Turkey now if you wish, and I will meet you around the maybe 25th..."

5. DreamKollab (score: 701)
   Sample: "- Are you a technical profile? Who is building the website, and who takes care of the blockchain par..."

6. 🪖 UE - Core Team (score: 349)
   Sample: "In phase II,  $COMPUTE  will represent investment in the AIs, as we start to open up their profits.
..."

7. Crypto (score: 336)
   Sample: "Hey Crypto Columbus, how are you?..."

8. Aqualis (score: 299)
   Sample: "I'm happy to help my best friend is most likely one of your friends and kind of led me to this. And ..."

9. IChiOne (score: 257)
   Sample: "I know a dev I worked with in the past, he’s a Hedera dev but also did some Solana stuff. I dunno wh..."

10. Le Meta Poete (score: 248)
   Sample: "Hey Lester, 3 potes sont là, ils sont dans le NFT game, tu te souviens peut être de Witold, il m'a p..."

11. REANANCE (score: 235)
   Sample: "Universe Engine Decree  

1/ 💼 Decree One –  $COMPUTE  Wealth Protocol

Starting NOW: Venice moves t..."

12. 🍸 The Board - $UBC Advisors & Directors (score: 195)
   Sample: "A question for my Board: In crypto, can you do domain name sitting? Like if a ticker is reserved, is..."

13. Bigbosefx2 (score: 190)
   Sample: "You are really creating something big for the crypto space..."

14. Unknown (score: 175)
   Sample: "Hi Lester 
Cheers Buddy really pleased to have just bagged your Moscow Avatar look forward to see it..."

15. Leo© (score: 147)
   Sample: "Can I copy and paste link in phantom wallet Dapp instead to see if it works?..."

16. Emil (score: 145)
   Sample: "Hello Nicolas! Thank you so much for doing that live session just now. I'm pretty new to the crypto ..."

17. 🌇 Serenissima - Universe Engine (score: 142)
   Sample: "some greyzone strategies: 

 Economic Sabotage and Market Manipulation 

 Price Flooding  - Temporar..."

18. Kebra (score: 135)
   Sample: "Au niveau de mon business model pour mes pièces, voilà ce que je me propose de faire :

Quand je cré..."

19. 5w4v3ry (score: 126)
   Sample: "I'll be able to go back on the piece starting tomorrow 🤘..."

20. Hexidized (score: 121)
   Sample: "Amazing, how do you want to do the NFT drop? :)..."


✓ Complete! Found 498 developers
✓ Full results: /home/mind-protocol/scopelock/outreach/developers
